------------------------------------------
M.U.G.E.N ver 1.00 (2011.01.18) status log
------------------------------------------
Parsing command line...
Command line: D:\Projects\Cross Fighter\RPM_Stage\mugen.exe
Parse command line OK
Initializing...
Allocating game variables
Reading configuration file...OK
Initializing timer...performance timer enabled...frequency 1948730...OK
Initializing keyboard...configuring...OK
Initializing input engine...OK
Initializing sound...Using SDL audio driver: dsound
Requesting mixer parameters (44100, 16, 2, 2048)...
Opened mixer with parameters (44100, 16, 2, 2048)...
OK
Initializing BGM...BGMThreadInit returned 0
OK
Initializing graphics...gameCoord 1280x720...render mode 2_0...trying 1280x720x16 mode 0x0...success...OK
Setting callbacks...OK
Initializing font...OK
Initializing game variables...OK
Loading system fonts...OK
Loading options...
Initializing pads...failed
Reinitializing input engine...OK
Remapping keys...OK
Reinitializing input engine...OK
Options loaded OK
Loading system...
  Load system file system_horiz.def...OK
  Load system spr...OK
  Load system snd...OK
  Load system fonts...OK
  Load system anim...OK
  Load [Title Info]...OK
  Load [Option Info]...OK
  Load [Select Info]...OK
  Load [VS Screen]...OK
  Load [Victory Screen]...OK
  Load [Demo Mode]...OK
  Load [Continue Screen]...OK
  Load [Game Over Screen]...OK
  Load [Win Screen]...OK
  Load [Survival Results Screen]...OK
  Load [Default Ending]...OK
  Load [End Credits]...OK
  Load TitleBG...VersusBG...VictoryBG...SelectBG...OptionBG...OK
  Loading fight data
    Opening fight data file data/fight_cf-d_inftime.def...OK
    Reading [Files]...OK
    Loading fonts...OK
    Load fight anim...OK
    Reading [Lifebar]...[Turns Lifebar]...[Simul Lifebar]...[Powerbar]...
    [Face]...[Simul Face]...[Turns Face]...
    [Name]...[Simul Name]...[Turns Name]...
    [Time]...[Combo]...[Round]...[WinIcon]...OK
    Allocating explods...OK
  Fight data loaded OK
System loaded OK
Initialize OK
Set up graphics...timer...OK
Playing storyboard logo.def: scene
attempting load and start...attempting load of data/intro_sc2.mp3...hooking mixer callback...
success!
starting BGM...
Storyboard playback canceled 10:0 k72 p0
Finished playing storyboard logo.def: scene
Initializing character info...OK
Initializing select screen...finding characters...
  Error reading character file: chars/blank/blank.def

  Error reading character file: chars/blank/blank.def

  Error reading character file: chars/blank/blank.def

  Error reading character file: chars/blank/blank.def

  Error reading character file: chars/blank/blank.def

  Error reading character file: chars/blank/blank.def

  Error reading character file: chars/blank/blank.def

  Error reading character file: chars/blank/blank.def

  Error reading character file: chars/blank/blank.def

  Error reading character file: chars/blank/blank.def

  Error reading character file: chars/blank/blank.def

  Error reading character file: chars/blank/blank.def

  Error reading character file: chars/blank/blank.def

  Error reading character file: chars/blank/blank.def

  Error reading character file: chars/blank/blank.def

  Error reading character file: chars/blank/blank.def

  Error reading character file: chars/blank/blank.def

  Error reading character file: chars/blank/blank.def

  Error reading character file: chars/blank/blank.def

  Error reading character file: chars/blank/blank.def

  Error reading character file: chars/blank/blank.def

  Error reading character file: chars/blank/blank.def

  Error reading character file: chars/blank/blank.def

  Error reading character file: chars/blank/blank.def
OK

Entering main loop
Playing storyboard intro.def: scene
attempting load and start...attempting load of data/title 4.mp3...success!
starting BGM...
Storyboard playback canceled 10:0 k72 p0
Finished playing storyboard intro.def: scene
Entering character select.
attempting load and start...attempting load of sound/title 4.mp3...success!
starting BGM...
attempting load and start...attempting load of sound/select.mp3...success!
starting BGM...
Loading character chars/sofie/sofie.def...
  Loading info...OK
  Loading cmd command set sofie.cmd...OK
  Loading cns sofie.cns...OK
  Loading cns hex.cns...OK
  Loading cns decimal.cns...OK
  Loading cns binary.cns...OK
  Loading cns throw.cns...OK
  Loading cns pause.cns...OK
  Loading cmd state entry sofie.cmd...OK
  Loading common states common1.cns...OK
  Unloading command names...OK
  Loading sff sofie.sff...OK
  Loading anim sofie.air...OK
  Loading snd sofie.snd...OK
  Loading pals...(1,1)(1,2)(1,3)(1,4)(1,5)(1,6)(1,7)(1,8)(1,9)(1,10)(1,11)(1,12)OK
  SFF v1.01 palette hack engaged.
  17486 expressions (5991 on trigger lines)
Character sofie.def loaded OK
Loading character chars/bot_blu/bot_blu.def...
  Loading info...OK
  Loading cmd command set bot_blu.cmd...OK
  Loading cns bot_blu.cns...OK
  Loading cns config.txt...OK
  Loading cmd state entry bot_blu.cmd...OK
  Loading common states common1.cns...OK
  Unloading command names...OK
  Loading sff bot_blu.sff...OK
  Loading anim bot_blu.air...OK
  Loading snd bot_blu.snd...OK
  Loading pals...(1,1)(1,2)(1,3)(1,4)(1,5)(1,6)(1,7)(1,8)(1,9)(1,10)(1,11)(1,12)OK
  SFF v1.01 palette hack engaged.
  19629 expressions (5747 on trigger lines)
Character bot_blu.def loaded OK
attempting load and start...no BGM...Unloading system background data...sprite data...OK
Initializing stage...
  Loading BG...attempting load of stages/training2/training2.mp3...success!
OK
  Allocating helpers...OK
Stage initialized OK
Start of game loop
prebuffering BGM...
End of game loop
Total time: 363.86s
Total frames: 21833 	Skipped frames: 1
Avg game rate: 60.00
Avg frame rate: 60.00

Reloading system sprite data...Reloading system background data...OK
attempting load and start...attempting load of sound/select.mp3...success!
starting BGM...
Entering character select.
attempting load and start...attempting load of sound/title 4.mp3...success!
starting BGM...
attempting load and start...attempting load of sound/select.mp3...success!
starting BGM...
attempting load and start...no BGM...Unloading system background data...sprite data...OK
Initializing stage...
  Loading BG...attempting load of stages/valley_field/valley.mp3...success!
OK
  Allocating helpers...OK
Stage initialized OK
Start of game loop
prebuffering BGM...
End of game loop
Total time: 3384.06s
Total frames: 28507 	Skipped frames: 2344
Avg game rate: 8.42
Avg frame rate: 7.73

Reloading system sprite data...Reloading system background data...OK
attempting load and start...attempting load of sound/select.mp3...success!
starting BGM...
Entering character select.
attempting load and start...attempting load of sound/title 4.mp3...success!
starting BGM...
Returned from main loop
Deinitializing...
Frames      : 50340
Time elapsed: 3776.020 sec
ticks: 377602, tps: 100, start 87, end 377689

Clearing player cache...OK
Freeing character info...OK
Freeing select screen...OK
Freeing fight data...OK
Freeing system data...OK
Freeing game variables...OK
Deinitializing input...pad...keyboard...OK
Removing callbacks...OK
Deintializing timer...OK
Deinitializing graphics...OK
Deinitializing BGM...Cleaning up mixer callback...unhooking mixer callback...

Mixer callback was entered 18855 times
Mixer callback timing stats (last 18855 calls):
	4.000000 median, 5.643012 avg, 8.155248 sample std. dev.
Top 10 slowest times:	263 (1), 238 (1), 206 (1), 204 (1), 186 (1), 179 (1), 166 (1), 139 (1), 136 (1), 133 (2)
Top 10 fastest times:	1 (27), 2 (103), 3 (3699), 4 (8568), 5 (2742), 6 (598), 7 (609), 8 (674), 9 (468), 10 (364)
OK
Deinitializing sound...OK
Successful program termination.

Log file successfully closed.
